<?xml version="1.0" encoding="UTF-8"?>
<!-- Generated by org.testng.reporters.JUnitXMLReporter -->
<testsuite ignored="1" hostname="DESKTOP-NVOFS2N" failures="0" tests="1" name="Default test" time="25.573" errors="0" timestamp="2024-03-21T17:00:33 ICT">
  <testcase classname="automation.testsuite.AddClientTest" name="addClientSuccess" time="18.599"/>
  <testcase classname="automation.testsuite.AddClientTest" name="addClientFail" time="0.0">
    <ignored/>
  </testcase> <!-- addClientFail -->
</testsuite> <!-- Default test -->
