<?xml version="1.0" encoding="UTF-8"?>
<!-- Generated by org.testng.reporters.JUnitXMLReporter -->
<testsuite ignored="2" hostname="DESKTOP-NVOFS2N" failures="0" tests="1" name="Default test" time="58.694" errors="0" timestamp="2024-03-07T13:25:48 ICT">
  <testcase classname="automation.testsuite.Day14_btvn" name="Registersuccess" time="37.931"/>
  <testcase classname="automation.testsuite.Day14_btvn" name="Loginsuccess" time="0.0">
    <ignored/>
  </testcase> <!-- Loginsuccess -->
  <testcase classname="automation.testsuite.Day14_btvn" name="changepassword" time="0.0">
    <ignored/>
  </testcase> <!-- changepassword -->
</testsuite> <!-- Default test -->
