<?xml version="1.0" encoding="UTF-8"?>
<testng-results ignored="0" total="1" passed="1" failed="0" skipped="0">
  <reporter-output>
  </reporter-output>
  <suite started-at="2024-03-10T00:50:08 ICT" name="Default suite" finished-at="2024-03-10T00:50:33 ICT" duration-ms="24251">
    <groups>
    </groups>
    <test started-at="2024-03-10T00:50:08 ICT" name="Default test" finished-at="2024-03-10T00:50:33 ICT" duration-ms="24251">
      <class name="automation.testsuite.AddClientTest">
        <test-method is-config="true" signature="openChrome()[pri:0, instance:automation.testsuite.AddClientTest@74751b3]" started-at="2024-03-10T00:50:08 ICT" name="openChrome" finished-at="2024-03-10T00:50:15 ICT" duration-ms="6422" status="PASS">
          <reporter-output>
          </reporter-output>
        </test-method> <!-- openChrome -->
        <test-method signature="addClientSuccess()[pri:0, instance:automation.testsuite.AddClientTest@74751b3]" started-at="2024-03-10T00:50:15 ICT" name="addClientSuccess" finished-at="2024-03-10T00:50:33 ICT" duration-ms="17773" status="PASS">
          <reporter-output>
          </reporter-output>
        </test-method> <!-- addClientSuccess -->
      </class> <!-- automation.testsuite.AddClientTest -->
    </test> <!-- Default test -->
  </suite> <!-- Default suite -->
</testng-results>
