<?xml version="1.0" encoding="UTF-8"?>
<!-- Generated by org.testng.reporters.JUnitXMLReporter -->
<testsuite ignored="0" hostname="DESKTOP-NVOFS2N" failures="0" tests="2" name="Run parallel test with multi firefox" time="48.237" errors="0" timestamp="2024-03-21T16:39:49 ICT">
  <testcase classname="automation.testsuite.AddClientTest" name="addClientFail" time="15.427"/>
  <testcase classname="automation.testsuite.AddClientTest" name="addClientSuccess" time="18.518"/>
</testsuite> <!-- Run parallel test with multi firefox -->
