<?xml version="1.0" encoding="UTF-8"?>
<!-- Generated by org.testng.reporters.JUnitXMLReporter -->
<testsuite ignored="0" hostname="DESKTOP-NVOFS2N" failures="0" tests="2" name="Run parallel test with multi edge" time="46.005" errors="0" timestamp="2024-03-21T16:40:35 ICT">
  <testcase classname="automation.testsuite.AddClientTest" name="addClientFail" time="14.805"/>
  <testcase classname="automation.testsuite.AddClientTest" name="addClientSuccess" time="17.721"/>
</testsuite> <!-- Run parallel test with multi edge -->
